<?xml version="1.0" encoding="UTF-8"?>
<testsuite name="dominio.unitaria.ProductoTest" tests="1" skipped="0" failures="0" errors="0" timestamp="2019-06-08T03:32:05" hostname="disable-PC" time="0.001">
  <properties/>
  <testcase name="crearProductoTest" classname="dominio.unitaria.ProductoTest" time="0.001"/>
  <system-out><![CDATA[]]></system-out>
  <system-err><![CDATA[]]></system-err>
</testsuite>
